Overall: [TOTAL: 207, SKIPPED: 31, DEFINITIONS: 1, STARTED_TEST_CASES: 175, ERROR_TRANS: 16, MISSING: 35, SUCCESS_TRANS: 124, SUCCESS_SYMB: 6, SUCCESS_NUM: 0, SUCCESS_UNDER_EXTRA_CONDITION: 0, FAILURE: 98, ABORTED: 20, ERROR: 0] for test expression: (#LHS)-(#RHS)
[SIMPLE]
5254 [https://dlmf.nist.gov/17.1#Ex1]: Skipped - Invalid test case: Generic function f(\chi_{1};\chi_{2},\dots,\chi_{n})
5255 [http://dlmf.nist.gov/17.2.E1]: Skipped - Invalid test case: cdots
5256 [http://dlmf.nist.gov/17.2.E2]: Failure [Simple: NaN]
5256-a [http://dlmf.nist.gov/17.2.E2]: Failure [Simple: NaN]
5257 [http://dlmf.nist.gov/17.2.E3]: Failure [Simple: NaN]
5258 [http://dlmf.nist.gov/17.2.E4]: Failure [Simple: NaN]
5259 [http://dlmf.nist.gov/17.2.E5]: Skipped - Invalid test case: dots
5260 [http://dlmf.nist.gov/17.2.E6]: Skipped - Invalid test case: dots
5261 [http://dlmf.nist.gov/17.2.E7]: Failure [Simple: NaN]
5262 [http://dlmf.nist.gov/17.2.E8]: Failure [Simple: NaN]
5263 [http://dlmf.nist.gov/17.2.E9]: Failure [Simple: NaN]
5264 [http://dlmf.nist.gov/17.2.E10]: Failure [Simple: NaN]
5265 [http://dlmf.nist.gov/17.2.E11]: Failure [Simple: NaN]
5266 [http://dlmf.nist.gov/17.2.E12]: Failure [Simple: NaN]
5267 [http://dlmf.nist.gov/17.2.E13]: Failure [Simple: NaN]
5268 [http://dlmf.nist.gov/17.2.E14]: Failure [Simple: NaN]
5269 [http://dlmf.nist.gov/17.2.E15]: Failure [Simple: NaN]
5270 [http://dlmf.nist.gov/17.2.E16]: Failure [Simple: NaN]
5271 [http://dlmf.nist.gov/17.2.E17]: Failure [Simple: NaN]
5272 [http://dlmf.nist.gov/17.2.E18]: Failure [Simple: NaN]
5273 [http://dlmf.nist.gov/17.2.E19]: Failure [Simple: NaN]
5274 [http://dlmf.nist.gov/17.2.E20]: Skipped - Invalid test case: dots
5275 [http://dlmf.nist.gov/17.2.E21]: Successful [Simple: 0]
5276 [http://dlmf.nist.gov/17.2.E22]: Successful [Simple: 0]
5276-a [http://dlmf.nist.gov/17.2.E22]: Failure [Simple: NaN]
5277 [http://dlmf.nist.gov/17.2.E23]: Failure [Simple: NaN]
5278 [http://dlmf.nist.gov/17.2.E24]: Failure [Simple: NaN]
5278-a [http://dlmf.nist.gov/17.2.E24]: Failure [Simple: NaN]
5279 [http://dlmf.nist.gov/17.2.E25]: Failure [Simple: NaN]
5279-a [http://dlmf.nist.gov/17.2.E25]: Failure [Simple: NaN]
5280 [http://dlmf.nist.gov/17.2.E26]: Failure [Simple: NaN]
5281 [http://dlmf.nist.gov/17.2.E27]: Failure [Simple: NaN]
5281-a [http://dlmf.nist.gov/17.2.E27]: Failure [Simple: NaN]
5282 [http://dlmf.nist.gov/17.2.E28]: All Aborted: [Simple: Aborted]
5282-a [http://dlmf.nist.gov/17.2.E28]: Successful [Simple: 0]
5283 [http://dlmf.nist.gov/17.2.E29]: Failure [Simple: NaN]
5284 [http://dlmf.nist.gov/17.2.E30]: Failure [Simple: NaN]
5285 [http://dlmf.nist.gov/17.2.E31]: Failure [Simple: NaN]
5286 [http://dlmf.nist.gov/17.2.E32]: Failure [Simple: NaN]
5287 [http://dlmf.nist.gov/17.2.E33]: Failure [Simple: NaN]
5288 [http://dlmf.nist.gov/17.2.E34]: Failure [Simple: NaN]
5288-a [http://dlmf.nist.gov/17.2.E34]: Failure [Simple: NaN]
5289 [http://dlmf.nist.gov/17.2.E35]: Successful [Simple: 0]
5290 [http://dlmf.nist.gov/17.2.E36]: Successful [Simple: 0]
5291 [http://dlmf.nist.gov/17.2.E37]: Failure [Simple: NaN]
5292 [http://dlmf.nist.gov/17.2.E38]: All Aborted: [Simple: Aborted]
5293 [http://dlmf.nist.gov/17.2.E39]: All Aborted: [Simple: Aborted]
5294 [http://dlmf.nist.gov/17.2.E40]: Successful [Simple: 0]
5295 [http://dlmf.nist.gov/17.2.E41]: Definition - Line is a non-semantic definition.
5296 [http://dlmf.nist.gov/17.2.E42]: Skipped - Invalid test case: Generic function f(z), Generic function f(z), cases
5297 [http://dlmf.nist.gov/17.2.E43]: Skipped - no semantic math
5298 [http://dlmf.nist.gov/17.2.E44]: Skipped - Invalid test case: Generic function f(z)
5299 [http://dlmf.nist.gov/17.2.E45]: Skipped - Invalid test case: Generic function f(x)
5300 [http://dlmf.nist.gov/17.2.E46]: Skipped - Invalid test case: Generic function f(x)
5301 [http://dlmf.nist.gov/17.2.E47]: Skipped - Invalid test case: Generic function f(x)
5302 [http://dlmf.nist.gov/17.2.E48]: Skipped - Invalid test case: Generic function f(x), Generic function f(x)
5303 [http://dlmf.nist.gov/17.2.E49]: Skipped - no semantic math
5304 [http://dlmf.nist.gov/17.2.E50]: Skipped - no semantic math
5305 [http://dlmf.nist.gov/17.3.E1]: Missing Macro Error - (LaTeX -> Mathematica) No translation possible for given token: Cannot extract information from feature set: \qexp [\qexp]
5305-a [http://dlmf.nist.gov/17.3.E1]: All Aborted: [Simple: Aborted]
5306 [http://dlmf.nist.gov/17.3.E2]: Missing Macro Error - (LaTeX -> Mathematica) No translation possible for given token: Cannot extract information from feature set: \qExp [\qExp]
5306-a [http://dlmf.nist.gov/17.3.E2]: All Aborted: [Simple: Aborted]
5307 [http://dlmf.nist.gov/17.3.E3]: Missing Macro Error - (LaTeX -> Mathematica) No translation possible for given token: Cannot extract information from feature set: \qsin [\qsin]
5307-a [http://dlmf.nist.gov/17.3.E3]: Missing Macro Error - (LaTeX -> Mathematica) No translation possible for given token: Cannot extract information from feature set: \qexp [\qexp]
5308 [http://dlmf.nist.gov/17.3.E4]: Missing Macro Error - (LaTeX -> Mathematica) No translation possible for given token: Cannot extract information from feature set: \qSin [\qSin]
5308-a [http://dlmf.nist.gov/17.3.E4]: Missing Macro Error - (LaTeX -> Mathematica) No translation possible for given token: Cannot extract information from feature set: \qExp [\qExp]
5309 [http://dlmf.nist.gov/17.3.E5]: Missing Macro Error - (LaTeX -> Mathematica) No translation possible for given token: Cannot extract information from feature set: \qcos [\qcos]
5309-a [http://dlmf.nist.gov/17.3.E5]: Missing Macro Error - (LaTeX -> Mathematica) No translation possible for given token: Cannot extract information from feature set: \qexp [\qexp]
5310 [http://dlmf.nist.gov/17.3.E6]: Missing Macro Error - (LaTeX -> Mathematica) No translation possible for given token: Cannot extract information from feature set: \qCos [\qCos]
5310-a [http://dlmf.nist.gov/17.3.E6]: Missing Macro Error - (LaTeX -> Mathematica) No translation possible for given token: Cannot extract information from feature set: \qExp [\qExp]
5311 [http://dlmf.nist.gov/17.3.E7]: Missing Macro Error - (LaTeX -> Mathematica) No translation possible for given token: Cannot extract information from feature set: \qBernoullipolybeta [\qBernoullipolybeta]
5312 [http://dlmf.nist.gov/17.3.E8]: Missing Macro Error - (LaTeX -> Mathematica) No translation possible for given token: Cannot extract information from feature set: \qEulernumberA [\qEulernumberA]
5313 [http://dlmf.nist.gov/17.3.E9]: Missing Macro Error - (LaTeX -> Mathematica) No translation possible for given token: Cannot extract information from feature set: \qStirlingnumbera [\qStirlingnumbera]
5314 [http://dlmf.nist.gov/17.4.E1]: Skipped - Invalid test case: dots, dots
5315 [http://dlmf.nist.gov/17.4.E2]: Skipped - Invalid test case: dots
5316 [http://dlmf.nist.gov/17.4.E3]: Skipped - Invalid test case: dots, dots, dots
5317 [http://dlmf.nist.gov/17.4.E4]: Skipped - Invalid test case: dots
5318 [http://dlmf.nist.gov/17.4.E5]: Missing Macro Error - (LaTeX -> Mathematica) No translation possible for given token: Cannot extract information from feature set: \qAppellPhi [\qAppellPhi]
5319 [http://dlmf.nist.gov/17.4.E6]: Missing Macro Error - (LaTeX -> Mathematica) No translation possible for given token: Cannot extract information from feature set: \qAppellPhi [\qAppellPhi]
5320 [http://dlmf.nist.gov/17.4.E7]: Missing Macro Error - (LaTeX -> Mathematica) No translation possible for given token: Cannot extract information from feature set: \qAppellPhi [\qAppellPhi]
5321 [http://dlmf.nist.gov/17.4.E8]: Missing Macro Error - (LaTeX -> Mathematica) No translation possible for given token: Cannot extract information from feature set: \qAppellPhi [\qAppellPhi]
5322 [http://dlmf.nist.gov/17.4.E9]: Skipped - no semantic math
5323 [http://dlmf.nist.gov/17.4.E10]: Skipped - no semantic math
5324 [http://dlmf.nist.gov/17.4.E11]: Skipped - no semantic math
5325 [http://dlmf.nist.gov/17.4.E12]: Skipped - no semantic math
5326 [http://dlmf.nist.gov/17.4.E13]: Skipped - no semantic math
5327 [http://dlmf.nist.gov/17.5.E1]: Failure [Simple: NaN]
5327-a [http://dlmf.nist.gov/17.5.E1]: Failure [Simple: NaN]
5328 [http://dlmf.nist.gov/17.5.E2]: Failure [Simple: NaN]
5329 [http://dlmf.nist.gov/17.5.E3]: Failure [Simple: NaN]
5330 [http://dlmf.nist.gov/17.5.E4]: Failure [Simple: NaN]
5330-a [http://dlmf.nist.gov/17.5.E4]: Failure [Simple: NaN]
5331 [http://dlmf.nist.gov/17.5.E5]: Failure [Simple: NaN]
5332 [http://dlmf.nist.gov/17.6.E1]: Failure [Simple: NaN]
5333 [http://dlmf.nist.gov/17.6.E2]: Failure [Simple: NaN]
5334 [http://dlmf.nist.gov/17.6.E3]: Failure [Simple: NaN]
5335 [http://dlmf.nist.gov/17.6.E4]: Failure [Simple: NaN]
5336 [http://dlmf.nist.gov/17.6.E5]: Failure [Simple: NaN]
5337 [http://dlmf.nist.gov/17.6.E6]: Failure [Simple: NaN]
5338 [http://dlmf.nist.gov/17.6.E7]: Failure [Simple: NaN]
5339 [http://dlmf.nist.gov/17.6.E8]: Failure [Simple: NaN]
5340 [http://dlmf.nist.gov/17.6.E9]: All Aborted: [Simple: Aborted]
5341 [http://dlmf.nist.gov/17.6.E10]: All Aborted: [Simple: Aborted]
5342 [http://dlmf.nist.gov/17.6.E11]: All Aborted: [Simple: Aborted]
5343 [http://dlmf.nist.gov/17.6.E12]: All Aborted: [Simple: Aborted]
5344 [http://dlmf.nist.gov/17.6.E13]: Failure [Simple: NaN]
5345 [http://dlmf.nist.gov/17.6.E14]: All Aborted: [Simple: Aborted]
5346 [http://dlmf.nist.gov/17.6.E15]: Failure [Simple: NaN]
5347 [http://dlmf.nist.gov/17.6.E16]: Failure [Simple: NaN]
5348 [http://dlmf.nist.gov/17.6.E17]: Failure [Simple: NaN]
5349 [http://dlmf.nist.gov/17.6.E18]: Failure [Simple: NaN]
5350 [http://dlmf.nist.gov/17.6.E19]: Failure [Simple: NaN]
5351 [http://dlmf.nist.gov/17.6.E20]: Failure [Simple: NaN]
5352 [http://dlmf.nist.gov/17.6.E21]: Failure [Simple: NaN]
5353 [http://dlmf.nist.gov/17.6.E22]: Failure [Simple: NaN]
5354 [http://dlmf.nist.gov/17.6.E23]: Failure [Simple: NaN]
5355 [http://dlmf.nist.gov/17.6.E24]: Failure [Simple: NaN]
5356 [http://dlmf.nist.gov/17.6.E25]: Failure [Simple: NaN]
5357 [http://dlmf.nist.gov/17.6.E26]: Failure [Simple: NaN]
5358 [http://dlmf.nist.gov/17.6.E27]: Failure [Simple: NaN]
5359 [http://dlmf.nist.gov/17.6.E28]: Missing Macro Error - (LaTeX -> Mathematica) No translation possible for given token: Cannot extract information from feature set: \qdiff [\qdiff]
5360 [http://dlmf.nist.gov/17.6.E29]: Failure [Simple: NaN]
5361 [http://dlmf.nist.gov/17.7.E1]: Failure [Simple: NaN]
5362 [http://dlmf.nist.gov/17.7.E2]: Failure [Simple: NaN]
5363 [http://dlmf.nist.gov/17.7.E3]: Failure [Simple: NaN]
5364 [http://dlmf.nist.gov/17.7.E4]: Failure [Simple: NaN]
5365 [http://dlmf.nist.gov/17.7.E5]: Failure [Simple: NaN]
5366 [http://dlmf.nist.gov/17.7.E6]: Failure [Simple: NaN]
5367 [http://dlmf.nist.gov/17.7.E7]: Failure [Simple: NaN]
5368 [http://dlmf.nist.gov/17.7.E8]: Failure [Simple: NaN]
5369 [http://dlmf.nist.gov/17.7.E9]: Skipped - Invalid test case: cases
5370 [http://dlmf.nist.gov/17.7.E10]: Translation Error - java.lang.IndexOutOfBoundsException: Index 0 out of bounds for length 0 [5370: \qgenhyperphi{8}{7}@@{-c,q(-c)^{\frac{1}{2}},-q(-c)^{\frac{1}{2}},a,q/a,c,-d,-q/d}{(-c)^{\frac{1}{2}},-(-c)^{\frac{1}{2}},-cq/a,-ac,-q,cq/d,cd}{q}{c} EQUAL \frac{\qmultiPochhammersym{-c,-cq}{q}{\infty}\qmultiPochhammersym{acd,acq/d,cdq/a,cq^{2}/(ad)}{q^{2}}{\infty}}{\qmultiPochhammersym{cd,cq/d,-ac,-cq/a}{q}{\infty}}; http://dlmf.nist.gov/17.7.E10]
5371 [http://dlmf.nist.gov/17.7.E11]: Failure [Simple: NaN]
5372 [http://dlmf.nist.gov/17.7.E12]: Failure [Simple: NaN]
5373 [http://dlmf.nist.gov/17.7.E13]: Failure [Simple: NaN]
5374 [http://dlmf.nist.gov/17.7.E14]: Translation Error - (LaTeX -> Mathematica) The current implementation is wrong: MathTermTranslator don't expected brackets but found )
5375 [http://dlmf.nist.gov/17.7.E15]: Translation Error - (LaTeX -> Mathematica) The current implementation is wrong: MathTermTranslator don't expected brackets but found )
5376 [http://dlmf.nist.gov/17.7.E16]: Failure [Simple: NaN]
5377 [http://dlmf.nist.gov/17.7.E17]: Translation Error - (LaTeX -> Mathematica) The current implementation is wrong: MathTermTranslator don't expected brackets but found )
5378 [http://dlmf.nist.gov/17.7.E18]: Skipped - Invalid test case: dots
5379 [http://dlmf.nist.gov/17.7.E19]: Skipped - Invalid test case: dots
5380 [http://dlmf.nist.gov/17.7.E20]: All Aborted: [Simple: Aborted]
5381 [http://dlmf.nist.gov/17.7.E21]: All Aborted: [Simple: Aborted]
5382 [http://dlmf.nist.gov/17.7.E22]: All Aborted: [Simple: Aborted]
5383 [http://dlmf.nist.gov/17.7.E23]: All Aborted: [Simple: Aborted]
5384 [http://dlmf.nist.gov/17.8.E1]: All Aborted: [Simple: Aborted]
5385 [http://dlmf.nist.gov/17.8.E2]: Missing Macro Error - (LaTeX -> Mathematica) No translation possible for given token: Cannot extract information from feature set: \qgenhyperpsi [\qgenhyperpsi]
5386 [http://dlmf.nist.gov/17.8.E3]: All Aborted: [Simple: Aborted]
5387 [http://dlmf.nist.gov/17.8.E4]: Missing Macro Error - (LaTeX -> Mathematica) No translation possible for given token: Cannot extract information from feature set: \qgenhyperpsi [\qgenhyperpsi]
5388 [http://dlmf.nist.gov/17.8.E5]: Missing Macro Error - (LaTeX -> Mathematica) No translation possible for given token: Cannot extract information from feature set: \qgenhyperpsi [\qgenhyperpsi]
5389 [http://dlmf.nist.gov/17.8.E6]: Missing Macro Error - (LaTeX -> Mathematica) No translation possible for given token: Cannot extract information from feature set: \qgenhyperpsi [\qgenhyperpsi]
5390 [http://dlmf.nist.gov/17.8.E7]: Missing Macro Error - (LaTeX -> Mathematica) No translation possible for given token: Cannot extract information from feature set: \qgenhyperpsi [\qgenhyperpsi]
5391 [http://dlmf.nist.gov/17.9.E1]: Failure [Simple: NaN]
5392 [http://dlmf.nist.gov/17.9.E2]: Failure [Simple: NaN]
5393 [http://dlmf.nist.gov/17.9.E3]: Failure [Simple: NaN]
5394 [http://dlmf.nist.gov/17.9.E4]: Failure [Simple: NaN]
5395 [http://dlmf.nist.gov/17.9.E5]: Failure [Simple: NaN]
5396 [http://dlmf.nist.gov/17.9.E6]: Failure [Simple: NaN]
5397 [http://dlmf.nist.gov/17.9.E7]: Failure [Simple: NaN]
5398 [http://dlmf.nist.gov/17.9.E8]: Failure [Simple: NaN]
5399 [http://dlmf.nist.gov/17.9.E9]: Failure [Simple: NaN]
5400 [http://dlmf.nist.gov/17.9.E10]: Failure [Simple: NaN]
5401 [http://dlmf.nist.gov/17.9.E11]: Failure [Simple: NaN]
5402 [http://dlmf.nist.gov/17.9.E12]: Failure [Simple: NaN]
5403 [http://dlmf.nist.gov/17.9.E13]: Failure [Simple: NaN]
5404 [http://dlmf.nist.gov/17.9.E14]: Failure [Simple: NaN]
5404-a [http://dlmf.nist.gov/17.9.E14]: Failure [Simple: NaN]
5405 [http://dlmf.nist.gov/17.9.E15]: Failure [Simple: NaN]
5406 [http://dlmf.nist.gov/17.9.E16]: Failure [Simple: NaN]
5407 [http://dlmf.nist.gov/17.9.E17]: Failure [Simple: NaN]
5408 [http://dlmf.nist.gov/17.9.E18]: Failure [Simple: NaN]
5409 [http://dlmf.nist.gov/17.9.E19]: All Aborted: [Simple: Aborted]
5410 [http://dlmf.nist.gov/17.9.E20]: All Aborted: [Simple: Aborted]
5411 [http://dlmf.nist.gov/17.10.E1]: Missing Macro Error - (LaTeX -> Mathematica) No translation possible for given token: Cannot extract information from feature set: \qgenhyperpsi [\qgenhyperpsi]
5412 [http://dlmf.nist.gov/17.10.E2]: Missing Macro Error - (LaTeX -> Mathematica) No translation possible for given token: Cannot extract information from feature set: \qgenhyperpsi [\qgenhyperpsi]
5413 [http://dlmf.nist.gov/17.10.E3]: Missing Macro Error - (LaTeX -> Mathematica) No translation possible for given token: Cannot extract information from feature set: \qgenhyperpsi [\qgenhyperpsi]
5414 [http://dlmf.nist.gov/17.10.E4]: Missing Macro Error - (LaTeX -> Mathematica) No translation possible for given token: Cannot extract information from feature set: \qgenhyperpsi [\qgenhyperpsi]
5415 [http://dlmf.nist.gov/17.10.E5]: Missing Macro Error - (LaTeX -> Mathematica) No translation possible for given token: Cannot extract information from feature set: \qgenhyperpsi [\qgenhyperpsi]
5416 [http://dlmf.nist.gov/17.10.E6]: Missing Macro Error - (LaTeX -> Mathematica) No translation possible for given token: Cannot extract information from feature set: \qgenhyperpsi [\qgenhyperpsi]
5417 [http://dlmf.nist.gov/17.11.E1]: Missing Macro Error - (LaTeX -> Mathematica) No translation possible for given token: Cannot extract information from feature set: \qAppellPhi [\qAppellPhi]
5418 [http://dlmf.nist.gov/17.11.E2]: Missing Macro Error - (LaTeX -> Mathematica) No translation possible for given token: Cannot extract information from feature set: \qAppellPhi [\qAppellPhi]
5419 [http://dlmf.nist.gov/17.11.E3]: Missing Macro Error - (LaTeX -> Mathematica) No translation possible for given token: Cannot extract information from feature set: \qAppellPhi [\qAppellPhi]
5420 [http://dlmf.nist.gov/17.11.E4]: Skipped - Invalid test case: dots
5421 [http://dlmf.nist.gov/17.12.E1]: Skipped - no semantic math
5422 [https://dlmf.nist.gov/17.12#Ex1]: Skipped - no semantic math
5423 [https://dlmf.nist.gov/17.12#Ex2]: Skipped - no semantic math
5424 [http://dlmf.nist.gov/17.12.E3]: All Aborted: [Simple: Aborted]
5425 [http://dlmf.nist.gov/17.12.E4]: All Aborted: [Simple: Aborted]
5426 [https://dlmf.nist.gov/17.12#Ex3]: Translation Error - (LaTeX -> Mathematica) The input LaTeX is invalid: Primes can only be translated behind semantic macros (differentation primes) but not in other places.
5427 [https://dlmf.nist.gov/17.12#Ex4]: Translation Error - (LaTeX -> Mathematica) The input LaTeX is invalid: Primes can only be translated behind semantic macros (differentation primes) but not in other places.
5428 [https://dlmf.nist.gov/17.12#Ex5]: Failure [Simple: NaN]
5429 [https://dlmf.nist.gov/17.12#Ex6]: Failure [Simple: NaN]
5430 [http://dlmf.nist.gov/17.13.E1]: Missing Macro Error - (LaTeX -> Mathematica) No translation possible for given token: Cannot extract information from feature set: \qdiff [\qdiff]
5431 [http://dlmf.nist.gov/17.13.E2]: Missing Macro Error - (LaTeX -> Mathematica) No translation possible for given token: Cannot extract information from feature set: \qdiff [\qdiff]
5432 [http://dlmf.nist.gov/17.13.E3]: Failure [Simple: NaN]
5433 [http://dlmf.nist.gov/17.13.E4]: Missing Macro Error - (LaTeX -> Mathematica) No translation possible for given token: Cannot extract information from feature set: \qdiff [\qdiff]
5434 [http://dlmf.nist.gov/17.14.E1]: Skipped - Invalid test case: cdots
5435 [http://dlmf.nist.gov/17.14.E2]: Translation Error - (LaTeX -> Mathematica) An unknown or missing element occurred: Empty expression tag
5435-a [http://dlmf.nist.gov/17.14.E2]: Translation Error - (LaTeX -> Mathematica) An unknown or missing element occurred: Empty expression tag
5435-b [http://dlmf.nist.gov/17.14.E2]: Translation Error - (LaTeX -> Mathematica) An unknown or missing element occurred: Empty expression tag
5436 [http://dlmf.nist.gov/17.14.E3]: Translation Error - (LaTeX -> Mathematica) An unknown or missing element occurred: Empty expression tag
5436-a [http://dlmf.nist.gov/17.14.E3]: Translation Error - (LaTeX -> Mathematica) An unknown or missing element occurred: Empty expression tag
5437 [http://dlmf.nist.gov/17.14.E4]: Translation Error - (LaTeX -> Mathematica) An unknown or missing element occurred: Empty expression tag
5437-a [http://dlmf.nist.gov/17.14.E4]: Translation Error - (LaTeX -> Mathematica) An unknown or missing element occurred: Empty expression tag
5438 [http://dlmf.nist.gov/17.14.E5]: Translation Error - (LaTeX -> Mathematica) An unknown or missing element occurred: Empty expression tag
5438-a [http://dlmf.nist.gov/17.14.E5]: Translation Error - (LaTeX -> Mathematica) An unknown or missing element occurred: Empty expression tag
5438-b [http://dlmf.nist.gov/17.14.E5]: Translation Error - (LaTeX -> Mathematica) An unknown or missing element occurred: Empty expression tag
